2011/05/01 03:29:20 [error] [exception.CException] exception 'CException' with message 'CAssetManager.basePath "/home/cherif/server/yiisite/assets" is invalid. Please make sure the directory exists and is writable by the Web server process.' in /home/cherif/server/yiisite/common/libraries/yii/web/CAssetManager.php:98
Stack trace:
#0 /home/cherif/server/yiisite/common/libraries/yii/web/CAssetManager.php(83): CAssetManager->setBasePath('/home/cherif/se...')
#1 /home/cherif/server/yiisite/common/libraries/yii/web/CAssetManager.php(192): CAssetManager->getBasePath()
#2 /home/cherif/server/yiisite/common/libraries/yii/web/CClientScript.php(464): CAssetManager->publish('/home/cherif/se...')
#3 /home/cherif/server/yiisite/common/libraries/yii/web/CClientScript.php(317): CClientScript->getCoreScriptUrl()
#4 /home/cherif/server/yiisite/common/libraries/yii/web/CClientScript.php(197): CClientScript->renderCoreScripts()
#5 /home/cherif/server/yiisite/common/libraries/yii/web/CController.php(343): CClientScript->render('<!DOCTYPE html ...')
#6 /home/cherif/server/yiisite/common/libraries/yii/web/CController.php(785): CController->processOutput('<!DOCTYPE html ...')
#7 /home/cherif/server/yiisite/frontend/controllers/SiteController.php(66): CController->render('contact', Array)
#8 /home/cherif/server/yiisite/common/libraries/yii/web/actions/CInlineAction.php(50): SiteController->actionContact()
#9 /home/cherif/server/yiisite/common/libraries/yii/web/CController.php(300): CInlineAction->runWithParams(Array)
#10 /home/cherif/server/yiisite/common/libraries/yii/web/CController.php(278): CController->runAction(Object(CInlineAction))
#11 /home/cherif/server/yiisite/common/libraries/yii/web/CController.php(257): CController->runActionWithFilters(Object(CInlineAction), Array)
#12 /home/cherif/server/yiisite/common/libraries/yii/web/CWebApplication.php(328): CController->run('contact')
#13 /home/cherif/server/yiisite/common/libraries/yii/web/CWebApplication.php(121): CWebApplication->runController('site/contact')
#14 /home/cherif/server/yiisite/common/libraries/yii/base/CApplication.php(155): CWebApplication->processRequest()
#15 /home/cherif/server/yiisite/frontend/webroot/index.php(13): CApplication->run()
#16 /home/cherif/server/yiisite/index.php(2): require('/home/cherif/se...')
#17 {main} REQUEST_URI=/yiisite/index.php?r=site/contact
2011/05/01 03:29:39 [error] [exception.CException] exception 'CException' with message 'CAssetManager.basePath "/home/cherif/server/yiisite/assets" is invalid. Please make sure the directory exists and is writable by the Web server process.' in /home/cherif/server/yiisite/common/libraries/yii/web/CAssetManager.php:98
Stack trace:
#0 /home/cherif/server/yiisite/common/libraries/yii/web/CAssetManager.php(83): CAssetManager->setBasePath('/home/cherif/se...')
#1 /home/cherif/server/yiisite/common/libraries/yii/web/CAssetManager.php(192): CAssetManager->getBasePath()
#2 /home/cherif/server/yiisite/common/libraries/yii/web/CClientScript.php(464): CAssetManager->publish('/home/cherif/se...')
#3 /home/cherif/server/yiisite/common/libraries/yii/web/CClientScript.php(317): CClientScript->getCoreScriptUrl()
#4 /home/cherif/server/yiisite/common/libraries/yii/web/CClientScript.php(197): CClientScript->renderCoreScripts()
#5 /home/cherif/server/yiisite/common/libraries/yii/web/CController.php(343): CClientScript->render('<!DOCTYPE html ...')
#6 /home/cherif/server/yiisite/common/libraries/yii/web/CController.php(785): CController->processOutput('<!DOCTYPE html ...')
#7 /home/cherif/server/yiisite/frontend/controllers/SiteController.php(66): CController->render('contact', Array)
#8 /home/cherif/server/yiisite/common/libraries/yii/web/actions/CInlineAction.php(50): SiteController->actionContact()
#9 /home/cherif/server/yiisite/common/libraries/yii/web/CController.php(300): CInlineAction->runWithParams(Array)
#10 /home/cherif/server/yiisite/common/libraries/yii/web/CController.php(278): CController->runAction(Object(CInlineAction))
#11 /home/cherif/server/yiisite/common/libraries/yii/web/CController.php(257): CController->runActionWithFilters(Object(CInlineAction), Array)
#12 /home/cherif/server/yiisite/common/libraries/yii/web/CWebApplication.php(328): CController->run('contact')
#13 /home/cherif/server/yiisite/common/libraries/yii/web/CWebApplication.php(121): CWebApplication->runController('site/contact')
#14 /home/cherif/server/yiisite/common/libraries/yii/base/CApplication.php(155): CWebApplication->processRequest()
#15 /home/cherif/server/yiisite/frontend/webroot/index.php(13): CApplication->run()
#16 /home/cherif/server/yiisite/index.php(2): require('/home/cherif/se...')
#17 {main} REQUEST_URI=/yiisite/index.php?r=site/contact
2011/05/01 03:29:41 [error] [exception.CException] exception 'CException' with message 'CAssetManager.basePath "/home/cherif/server/yiisite/assets" is invalid. Please make sure the directory exists and is writable by the Web server process.' in /home/cherif/server/yiisite/common/libraries/yii/web/CAssetManager.php:98
Stack trace:
#0 /home/cherif/server/yiisite/common/libraries/yii/web/CAssetManager.php(83): CAssetManager->setBasePath('/home/cherif/se...')
#1 /home/cherif/server/yiisite/common/libraries/yii/web/CAssetManager.php(192): CAssetManager->getBasePath()
#2 /home/cherif/server/yiisite/common/libraries/yii/web/CClientScript.php(464): CAssetManager->publish('/home/cherif/se...')
#3 /home/cherif/server/yiisite/common/libraries/yii/web/CClientScript.php(317): CClientScript->getCoreScriptUrl()
#4 /home/cherif/server/yiisite/common/libraries/yii/web/CClientScript.php(197): CClientScript->renderCoreScripts()
#5 /home/cherif/server/yiisite/common/libraries/yii/web/CController.php(343): CClientScript->render('<!DOCTYPE html ...')
#6 /home/cherif/server/yiisite/common/libraries/yii/web/CController.php(785): CController->processOutput('<!DOCTYPE html ...')
#7 /home/cherif/server/yiisite/frontend/controllers/SiteController.php(92): CController->render('login', Array)
#8 /home/cherif/server/yiisite/common/libraries/yii/web/actions/CInlineAction.php(50): SiteController->actionLogin()
#9 /home/cherif/server/yiisite/common/libraries/yii/web/CController.php(300): CInlineAction->runWithParams(Array)
#10 /home/cherif/server/yiisite/common/libraries/yii/web/CController.php(278): CController->runAction(Object(CInlineAction))
#11 /home/cherif/server/yiisite/common/libraries/yii/web/CController.php(257): CController->runActionWithFilters(Object(CInlineAction), Array)
#12 /home/cherif/server/yiisite/common/libraries/yii/web/CWebApplication.php(328): CController->run('login')
#13 /home/cherif/server/yiisite/common/libraries/yii/web/CWebApplication.php(121): CWebApplication->runController('site/login')
#14 /home/cherif/server/yiisite/common/libraries/yii/base/CApplication.php(155): CWebApplication->processRequest()
#15 /home/cherif/server/yiisite/frontend/webroot/index.php(13): CApplication->run()
#16 /home/cherif/server/yiisite/index.php(2): require('/home/cherif/se...')
#17 {main} REQUEST_URI=/yiisite/index.php?r=site/login
2011/05/01 03:29:53 [error] [exception.CException] exception 'CException' with message 'CAssetManager.basePath "/home/cherif/server/yiisite/assets" is invalid. Please make sure the directory exists and is writable by the Web server process.' in /home/cherif/server/yiisite/common/libraries/yii/web/CAssetManager.php:98
Stack trace:
#0 /home/cherif/server/yiisite/common/libraries/yii/web/CAssetManager.php(83): CAssetManager->setBasePath('/home/cherif/se...')
#1 /home/cherif/server/yiisite/common/libraries/yii/web/CAssetManager.php(192): CAssetManager->getBasePath()
#2 /home/cherif/server/yiisite/common/libraries/yii/web/CClientScript.php(464): CAssetManager->publish('/home/cherif/se...')
#3 /home/cherif/server/yiisite/common/libraries/yii/web/CClientScript.php(317): CClientScript->getCoreScriptUrl()
#4 /home/cherif/server/yiisite/common/libraries/yii/web/CClientScript.php(197): CClientScript->renderCoreScripts()
#5 /home/cherif/server/yiisite/common/libraries/yii/web/CController.php(343): CClientScript->render('<!DOCTYPE html ...')
#6 /home/cherif/server/yiisite/common/libraries/yii/web/CController.php(785): CController->processOutput('<!DOCTYPE html ...')
#7 /home/cherif/server/yiisite/frontend/controllers/SiteController.php(66): CController->render('contact', Array)
#8 /home/cherif/server/yiisite/common/libraries/yii/web/actions/CInlineAction.php(50): SiteController->actionContact()
#9 /home/cherif/server/yiisite/common/libraries/yii/web/CController.php(300): CInlineAction->runWithParams(Array)
#10 /home/cherif/server/yiisite/common/libraries/yii/web/CController.php(278): CController->runAction(Object(CInlineAction))
#11 /home/cherif/server/yiisite/common/libraries/yii/web/CController.php(257): CController->runActionWithFilters(Object(CInlineAction), Array)
#12 /home/cherif/server/yiisite/common/libraries/yii/web/CWebApplication.php(328): CController->run('contact')
#13 /home/cherif/server/yiisite/common/libraries/yii/web/CWebApplication.php(121): CWebApplication->runController('site/contact')
#14 /home/cherif/server/yiisite/common/libraries/yii/base/CApplication.php(155): CWebApplication->processRequest()
#15 /home/cherif/server/yiisite/frontend/webroot/index.php(13): CApplication->run()
#16 /home/cherif/server/yiisite/index.php(2): require('/home/cherif/se...')
#17 {main} REQUEST_URI=/yiisite/index.php?r=site/contact
2011/05/01 14:13:59 [error] [exception.CException] exception 'CException' with message 'CAssetManager.basePath "/home/cherif/server/yiisite/assets" is invalid. Please make sure the directory exists and is writable by the Web server process.' in /home/cherif/server/yiisite/common/libraries/yii/web/CAssetManager.php:98
Stack trace:
#0 /home/cherif/server/yiisite/common/libraries/yii/web/CAssetManager.php(83): CAssetManager->setBasePath('/home/cherif/se...')
#1 /home/cherif/server/yiisite/common/libraries/yii/web/CAssetManager.php(192): CAssetManager->getBasePath()
#2 /home/cherif/server/yiisite/common/libraries/yii/web/CClientScript.php(464): CAssetManager->publish('/home/cherif/se...')
#3 /home/cherif/server/yiisite/common/libraries/yii/web/CClientScript.php(317): CClientScript->getCoreScriptUrl()
#4 /home/cherif/server/yiisite/common/libraries/yii/web/CClientScript.php(197): CClientScript->renderCoreScripts()
#5 /home/cherif/server/yiisite/common/libraries/yii/web/CController.php(343): CClientScript->render('<!DOCTYPE html ...')
#6 /home/cherif/server/yiisite/common/libraries/yii/web/CController.php(785): CController->processOutput('<!DOCTYPE html ...')
#7 /home/cherif/server/yiisite/frontend/controllers/SiteController.php(66): CController->render('contact', Array)
#8 /home/cherif/server/yiisite/common/libraries/yii/web/actions/CInlineAction.php(50): SiteController->actionContact()
#9 /home/cherif/server/yiisite/common/libraries/yii/web/CController.php(300): CInlineAction->runWithParams(Array)
#10 /home/cherif/server/yiisite/common/libraries/yii/web/CController.php(278): CController->runAction(Object(CInlineAction))
#11 /home/cherif/server/yiisite/common/libraries/yii/web/CController.php(257): CController->runActionWithFilters(Object(CInlineAction), Array)
#12 /home/cherif/server/yiisite/common/libraries/yii/web/CWebApplication.php(328): CController->run('contact')
#13 /home/cherif/server/yiisite/common/libraries/yii/web/CWebApplication.php(121): CWebApplication->runController('site/contact')
#14 /home/cherif/server/yiisite/common/libraries/yii/base/CApplication.php(155): CWebApplication->processRequest()
#15 /home/cherif/server/yiisite/frontend/webroot/index.php(13): CApplication->run()
#16 /home/cherif/server/yiisite/index.php(2): require('/home/cherif/se...')
#17 {main} REQUEST_URI=/yiisite/index.php?r=site/contact
2011/05/01 14:22:21 [error] [exception.CException] exception 'CException' with message 'CAssetManager.basePath "/home/cherif/server/yiisite/assets" is invalid. Please make sure the directory exists and is writable by the Web server process.' in /home/cherif/server/yiisite/common/libraries/yii/web/CAssetManager.php:98
Stack trace:
#0 /home/cherif/server/yiisite/common/libraries/yii/web/CAssetManager.php(83): CAssetManager->setBasePath('/home/cherif/se...')
#1 /home/cherif/server/yiisite/common/libraries/yii/web/CAssetManager.php(192): CAssetManager->getBasePath()
#2 /home/cherif/server/yiisite/common/libraries/yii/web/CClientScript.php(464): CAssetManager->publish('/home/cherif/se...')
#3 /home/cherif/server/yiisite/common/libraries/yii/web/CClientScript.php(317): CClientScript->getCoreScriptUrl()
#4 /home/cherif/server/yiisite/common/libraries/yii/web/CClientScript.php(197): CClientScript->renderCoreScripts()
#5 /home/cherif/server/yiisite/common/libraries/yii/web/CController.php(343): CClientScript->render('<!DOCTYPE html ...')
#6 /home/cherif/server/yiisite/common/libraries/yii/web/CController.php(785): CController->processOutput('<!DOCTYPE html ...')
#7 /home/cherif/server/yiisite/frontend/controllers/SiteController.php(66): CController->render('contact', Array)
#8 /home/cherif/server/yiisite/common/libraries/yii/web/actions/CInlineAction.php(50): SiteController->actionContact()
#9 /home/cherif/server/yiisite/common/libraries/yii/web/CController.php(300): CInlineAction->runWithParams(Array)
#10 /home/cherif/server/yiisite/common/libraries/yii/web/CController.php(278): CController->runAction(Object(CInlineAction))
#11 /home/cherif/server/yiisite/common/libraries/yii/web/CController.php(257): CController->runActionWithFilters(Object(CInlineAction), Array)
#12 /home/cherif/server/yiisite/common/libraries/yii/web/CWebApplication.php(328): CController->run('contact')
#13 /home/cherif/server/yiisite/common/libraries/yii/web/CWebApplication.php(121): CWebApplication->runController('site/contact')
#14 /home/cherif/server/yiisite/common/libraries/yii/base/CApplication.php(155): CWebApplication->processRequest()
#15 /home/cherif/server/yiisite/frontend/webroot/index.php(13): CApplication->run()
#16 /home/cherif/server/yiisite/index.php(2): require('/home/cherif/se...')
#17 {main} REQUEST_URI=/yiisite/index.php?r=site/contact
2011/05/02 02:49:41 [error] [exception.CException] exception 'CException' with message 'CAssetManager.basePath "/home/cherif/server/yiisite/assets" is invalid. Please make sure the directory exists and is writable by the Web server process.' in /home/cherif/server/yiisite/common/libraries/yii/web/CAssetManager.php:98
Stack trace:
#0 /home/cherif/server/yiisite/common/libraries/yii/web/CAssetManager.php(83): CAssetManager->setBasePath('/home/cherif/se...')
#1 /home/cherif/server/yiisite/common/libraries/yii/web/CAssetManager.php(192): CAssetManager->getBasePath()
#2 /home/cherif/server/yiisite/common/libraries/yii/web/CClientScript.php(464): CAssetManager->publish('/home/cherif/se...')
#3 /home/cherif/server/yiisite/common/libraries/yii/web/CClientScript.php(317): CClientScript->getCoreScriptUrl()
#4 /home/cherif/server/yiisite/common/libraries/yii/web/CClientScript.php(197): CClientScript->renderCoreScripts()
#5 /home/cherif/server/yiisite/common/libraries/yii/web/CController.php(343): CClientScript->render('<!DOCTYPE html ...')
#6 /home/cherif/server/yiisite/common/libraries/yii/web/CController.php(785): CController->processOutput('<!DOCTYPE html ...')
#7 /home/cherif/server/yiisite/frontend/controllers/SiteController.php(92): CController->render('login', Array)
#8 /home/cherif/server/yiisite/common/libraries/yii/web/actions/CInlineAction.php(50): SiteController->actionLogin()
#9 /home/cherif/server/yiisite/common/libraries/yii/web/CController.php(300): CInlineAction->runWithParams(Array)
#10 /home/cherif/server/yiisite/common/libraries/yii/web/CController.php(278): CController->runAction(Object(CInlineAction))
#11 /home/cherif/server/yiisite/common/libraries/yii/web/CController.php(257): CController->runActionWithFilters(Object(CInlineAction), Array)
#12 /home/cherif/server/yiisite/common/libraries/yii/web/CWebApplication.php(328): CController->run('login')
#13 /home/cherif/server/yiisite/common/libraries/yii/web/CWebApplication.php(121): CWebApplication->runController('site/login')
#14 /home/cherif/server/yiisite/common/libraries/yii/base/CApplication.php(155): CWebApplication->processRequest()
#15 /home/cherif/server/yiisite/frontend/webroot/index.php(13): CApplication->run()
#16 /home/cherif/server/yiisite/index.php(2): require('/home/cherif/se...')
#17 {main} REQUEST_URI=/yiisite/index.php?r=site/login
2011/05/02 02:50:02 [error] [exception.CException] exception 'CException' with message 'CAssetManager.basePath "/home/cherif/server/yiisite/assets" is invalid. Please make sure the directory exists and is writable by the Web server process.' in /home/cherif/server/yiisite/common/libraries/yii/web/CAssetManager.php:98
Stack trace:
#0 /home/cherif/server/yiisite/common/libraries/yii/web/CAssetManager.php(83): CAssetManager->setBasePath('/home/cherif/se...')
#1 /home/cherif/server/yiisite/common/libraries/yii/web/CAssetManager.php(192): CAssetManager->getBasePath()
#2 /home/cherif/server/yiisite/common/libraries/yii/web/CClientScript.php(464): CAssetManager->publish('/home/cherif/se...')
#3 /home/cherif/server/yiisite/common/libraries/yii/web/CClientScript.php(317): CClientScript->getCoreScriptUrl()
#4 /home/cherif/server/yiisite/common/libraries/yii/web/CClientScript.php(197): CClientScript->renderCoreScripts()
#5 /home/cherif/server/yiisite/common/libraries/yii/web/CController.php(343): CClientScript->render('<!DOCTYPE html ...')
#6 /home/cherif/server/yiisite/common/libraries/yii/web/CController.php(785): CController->processOutput('<!DOCTYPE html ...')
#7 /home/cherif/server/yiisite/frontend/controllers/SiteController.php(66): CController->render('contact', Array)
#8 /home/cherif/server/yiisite/common/libraries/yii/web/actions/CInlineAction.php(50): SiteController->actionContact()
#9 /home/cherif/server/yiisite/common/libraries/yii/web/CController.php(300): CInlineAction->runWithParams(Array)
#10 /home/cherif/server/yiisite/common/libraries/yii/web/CController.php(278): CController->runAction(Object(CInlineAction))
#11 /home/cherif/server/yiisite/common/libraries/yii/web/CController.php(257): CController->runActionWithFilters(Object(CInlineAction), Array)
#12 /home/cherif/server/yiisite/common/libraries/yii/web/CWebApplication.php(328): CController->run('contact')
#13 /home/cherif/server/yiisite/common/libraries/yii/web/CWebApplication.php(121): CWebApplication->runController('site/contact')
#14 /home/cherif/server/yiisite/common/libraries/yii/base/CApplication.php(155): CWebApplication->processRequest()
#15 /home/cherif/server/yiisite/frontend/webroot/index.php(13): CApplication->run()
#16 /home/cherif/server/yiisite/index.php(2): require('/home/cherif/se...')
#17 {main} REQUEST_URI=/yiisite/index.php?r=site/contact
2011/05/02 03:40:42 [error] [exception.CHttpException.404] exception 'CHttpException' with message 'The requested view "index" was not found.' in /home/cherif/server/yiisite/common/libraries/yii/web/actions/CViewAction.php:110
Stack trace:
#0 /home/cherif/server/yiisite/common/libraries/yii/web/actions/CViewAction.php(121): CViewAction->resolveView('index')
#1 /home/cherif/server/yiisite/common/libraries/yii/web/actions/CAction.php(72): CViewAction->run()
#2 /home/cherif/server/yiisite/common/libraries/yii/web/CController.php(300): CAction->runWithParams(Array)
#3 /home/cherif/server/yiisite/common/libraries/yii/web/CController.php(278): CController->runAction(Object(CViewAction))
#4 /home/cherif/server/yiisite/common/libraries/yii/web/CController.php(257): CController->runActionWithFilters(Object(CViewAction), Array)
#5 /home/cherif/server/yiisite/common/libraries/yii/web/CWebApplication.php(328): CController->run('page')
#6 /home/cherif/server/yiisite/common/libraries/yii/web/CWebApplication.php(121): CWebApplication->runController('site/page')
#7 /home/cherif/server/yiisite/common/libraries/yii/base/CApplication.php(155): CWebApplication->processRequest()
#8 /home/cherif/server/yiisite/frontend/webroot/index.php(13): CApplication->run()
#9 /home/cherif/server/yiisite/index.php(2): require('/home/cherif/se...')
#10 {main} REQUEST_URI=/yiisite/index.php?r=site/page
2011/05/02 03:40:48 [error] [exception.CException] exception 'CException' with message 'CAssetManager.basePath "/home/cherif/server/yiisite/assets" is invalid. Please make sure the directory exists and is writable by the Web server process.' in /home/cherif/server/yiisite/common/libraries/yii/web/CAssetManager.php:98
Stack trace:
#0 /home/cherif/server/yiisite/common/libraries/yii/web/CAssetManager.php(83): CAssetManager->setBasePath('/home/cherif/se...')
#1 /home/cherif/server/yiisite/common/libraries/yii/web/CAssetManager.php(192): CAssetManager->getBasePath()
#2 /home/cherif/server/yiisite/common/libraries/yii/web/CClientScript.php(464): CAssetManager->publish('/home/cherif/se...')
#3 /home/cherif/server/yiisite/common/libraries/yii/web/CClientScript.php(317): CClientScript->getCoreScriptUrl()
#4 /home/cherif/server/yiisite/common/libraries/yii/web/CClientScript.php(197): CClientScript->renderCoreScripts()
#5 /home/cherif/server/yiisite/common/libraries/yii/web/CController.php(343): CClientScript->render('<!DOCTYPE html ...')
#6 /home/cherif/server/yiisite/common/libraries/yii/web/CController.php(785): CController->processOutput('<!DOCTYPE html ...')
#7 /home/cherif/server/yiisite/frontend/controllers/SiteController.php(92): CController->render('login', Array)
#8 /home/cherif/server/yiisite/common/libraries/yii/web/actions/CInlineAction.php(50): SiteController->actionLogin()
#9 /home/cherif/server/yiisite/common/libraries/yii/web/CController.php(300): CInlineAction->runWithParams(Array)
#10 /home/cherif/server/yiisite/common/libraries/yii/web/CController.php(278): CController->runAction(Object(CInlineAction))
#11 /home/cherif/server/yiisite/common/libraries/yii/web/CController.php(257): CController->runActionWithFilters(Object(CInlineAction), Array)
#12 /home/cherif/server/yiisite/common/libraries/yii/web/CWebApplication.php(328): CController->run('login')
#13 /home/cherif/server/yiisite/common/libraries/yii/web/CWebApplication.php(121): CWebApplication->runController('site/login')
#14 /home/cherif/server/yiisite/common/libraries/yii/base/CApplication.php(155): CWebApplication->processRequest()
#15 /home/cherif/server/yiisite/frontend/webroot/index.php(13): CApplication->run()
#16 /home/cherif/server/yiisite/index.php(2): require('/home/cherif/se...')
#17 {main} REQUEST_URI=/yiisite/index.php?r=site/login
2011/05/02 03:41:08 [error] [exception.CException] exception 'CException' with message 'CAssetManager.basePath "/home/cherif/server/yiisite/assets" is invalid. Please make sure the directory exists and is writable by the Web server process.' in /home/cherif/server/yiisite/common/libraries/yii/web/CAssetManager.php:98
Stack trace:
#0 /home/cherif/server/yiisite/common/libraries/yii/web/CAssetManager.php(83): CAssetManager->setBasePath('/home/cherif/se...')
#1 /home/cherif/server/yiisite/common/libraries/yii/web/CAssetManager.php(192): CAssetManager->getBasePath()
#2 /home/cherif/server/yiisite/common/libraries/yii/web/CClientScript.php(464): CAssetManager->publish('/home/cherif/se...')
#3 /home/cherif/server/yiisite/common/libraries/yii/web/CClientScript.php(317): CClientScript->getCoreScriptUrl()
#4 /home/cherif/server/yiisite/common/libraries/yii/web/CClientScript.php(197): CClientScript->renderCoreScripts()
#5 /home/cherif/server/yiisite/common/libraries/yii/web/CController.php(343): CClientScript->render('<!DOCTYPE html ...')
#6 /home/cherif/server/yiisite/common/libraries/yii/web/CController.php(785): CController->processOutput('<!DOCTYPE html ...')
#7 /home/cherif/server/yiisite/frontend/controllers/SiteController.php(92): CController->render('login', Array)
#8 /home/cherif/server/yiisite/common/libraries/yii/web/actions/CInlineAction.php(50): SiteController->actionLogin()
#9 /home/cherif/server/yiisite/common/libraries/yii/web/CController.php(300): CInlineAction->runWithParams(Array)
#10 /home/cherif/server/yiisite/common/libraries/yii/web/CController.php(278): CController->runAction(Object(CInlineAction))
#11 /home/cherif/server/yiisite/common/libraries/yii/web/CController.php(257): CController->runActionWithFilters(Object(CInlineAction), Array)
#12 /home/cherif/server/yiisite/common/libraries/yii/web/CWebApplication.php(328): CController->run('login')
#13 /home/cherif/server/yiisite/common/libraries/yii/web/CWebApplication.php(121): CWebApplication->runController('site/login')
#14 /home/cherif/server/yiisite/common/libraries/yii/base/CApplication.php(155): CWebApplication->processRequest()
#15 /home/cherif/server/yiisite/frontend/webroot/index.php(13): CApplication->run()
#16 /home/cherif/server/yiisite/index.php(2): require('/home/cherif/se...')
#17 {main} REQUEST_URI=/yiisite/index.php?r=site/login
2011/05/02 17:19:44 [error] [exception.CHttpException.404] exception 'CHttpException' with message 'Unable to resolve the request "backend/content/entry".' in /home/cherif/server/yiisite/common/libraries/yii/web/CWebApplication.php:332
Stack trace:
#0 /home/cherif/server/yiisite/common/libraries/yii/web/CWebApplication.php(121): CWebApplication->runController('backend/content...')
#1 /home/cherif/server/yiisite/common/libraries/yii/base/CApplication.php(155): CWebApplication->processRequest()
#2 /home/cherif/server/yiisite/frontend/webroot/index.php(13): CApplication->run()
#3 /home/cherif/server/yiisite/index.php(2): require('/home/cherif/se...')
#4 {main} REQUEST_URI=/yiisite/index.php?r=backend/content/entry
